{"/Users/mac/Documents/GitHub/astro-seo-enhancer/astro.config.mjs": {"path":"/Users/mac/Documents/GitHub/astro-seo-enhancer/astro.config.mjs","all":true,"statementMap":{"0":{"start":{"line":1,"column":0},"end":{"line":1,"column":12}},"1":{"start":{"line":2,"column":0},"end":{"line":2,"column":44}},"2":{"start":{"line":3,"column":0},"end":{"line":3,"column":0}},"3":{"start":{"line":4,"column":0},"end":{"line":4,"column":29}},"4":{"start":{"line":5,"column":0},"end":{"line":5,"column":32}}},"s":{"0":0,"1":0,"2":0,"3":0,"4":0},"branchMap":{"0":{"type":"branch","line":1,"loc":{"start":{"line":1,"column":0},"end":{"line":5,"column":-32}},"locations":[{"start":{"line":1,"column":0},"end":{"line":5,"column":-32}}]}},"b":{"0":[0]},"fnMap":{"0":{"name":"(empty-report)","decl":{"start":{"line":1,"column":0},"end":{"line":5,"column":-32}},"loc":{"start":{"line":1,"column":0},"end":{"line":5,"column":-32}},"line":1}},"f":{"0":0}}
,"/Users/mac/Documents/GitHub/astro-seo-enhancer/src/index.ts": {"path":"/Users/mac/Documents/GitHub/astro-seo-enhancer/src/index.ts","all":true,"statementMap":{"0":{"start":{"line":1,"column":0},"end":{"line":1,"column":46}},"1":{"start":{"line":2,"column":0},"end":{"line":2,"column":0}},"2":{"start":{"line":3,"column":0},"end":{"line":3,"column":30}},"3":{"start":{"line":4,"column":0},"end":{"line":4,"column":24}},"4":{"start":{"line":5,"column":0},"end":{"line":5,"column":30}},"5":{"start":{"line":6,"column":0},"end":{"line":6,"column":20}},"6":{"start":{"line":7,"column":0},"end":{"line":7,"column":19}},"7":{"start":{"line":8,"column":0},"end":{"line":8,"column":24}},"8":{"start":{"line":9,"column":0},"end":{"line":9,"column":18}},"9":{"start":{"line":10,"column":0},"end":{"line":10,"column":1}},"10":{"start":{"line":11,"column":0},"end":{"line":11,"column":0}},"11":{"start":{"line":12,"column":0},"end":{"line":12,"column":16}},"12":{"start":{"line":13,"column":0},"end":{"line":13,"column":45}},"13":{"start":{"line":14,"column":0},"end":{"line":14,"column":1}},"14":{"start":{"line":15,"column":0},"end":{"line":15,"column":0}},"15":{"start":{"line":16,"column":0},"end":{"line":16,"column":74}},"16":{"start":{"line":17,"column":0},"end":{"line":17,"column":10}},"17":{"start":{"line":18,"column":0},"end":{"line":18,"column":31}},"18":{"start":{"line":19,"column":0},"end":{"line":19,"column":12}},"19":{"start":{"line":20,"column":0},"end":{"line":20,"column":51}},"20":{"start":{"line":21,"column":0},"end":{"line":21,"column":48}},"21":{"start":{"line":22,"column":0},"end":{"line":22,"column":8}},"22":{"start":{"line":23,"column":0},"end":{"line":23,"column":6}},"23":{"start":{"line":24,"column":0},"end":{"line":24,"column":4}},"24":{"start":{"line":25,"column":0},"end":{"line":25,"column":1}},"25":{"start":{"line":26,"column":0},"end":{"line":26,"column":0}},"26":{"start":{"line":27,"column":0},"end":{"line":27,"column":18}},"27":{"start":{"line":28,"column":0},"end":{"line":28,"column":96}},"28":{"start":{"line":29,"column":0},"end":{"line":29,"column":0}},"29":{"start":{"line":30,"column":0},"end":{"line":30,"column":42}},"30":{"start":{"line":31,"column":0},"end":{"line":31,"column":61}},"31":{"start":{"line":32,"column":0},"end":{"line":32,"column":45}},"32":{"start":{"line":33,"column":0},"end":{"line":33,"column":56}},"33":{"start":{"line":34,"column":0},"end":{"line":34,"column":0}},"34":{"start":{"line":35,"column":0},"end":{"line":35,"column":27}}},"s":{"0":0,"1":0,"2":0,"3":0,"4":0,"5":0,"6":0,"7":0,"8":0,"9":0,"10":0,"11":0,"12":0,"13":0,"14":0,"15":0,"16":0,"17":0,"18":0,"19":0,"20":0,"21":0,"22":0,"23":0,"24":0,"25":0,"26":0,"27":0,"28":0,"29":0,"30":0,"31":0,"32":0,"33":0,"34":0},"branchMap":{"0":{"type":"branch","line":1,"loc":{"start":{"line":1,"column":898},"end":{"line":35,"column":27}},"locations":[{"start":{"line":1,"column":898},"end":{"line":35,"column":27}}]}},"b":{"0":[0]},"fnMap":{"0":{"name":"(empty-report)","decl":{"start":{"line":1,"column":898},"end":{"line":35,"column":27}},"loc":{"start":{"line":1,"column":898},"end":{"line":35,"column":27}},"line":1}},"f":{"0":0}}
,"/Users/mac/Documents/GitHub/astro-seo-enhancer/src/utils/seo.ts": {"path":"/Users/mac/Documents/GitHub/astro-seo-enhancer/src/utils/seo.ts","all":false,"statementMap":{"0":{"start":{"line":1,"column":0},"end":{"line":1,"column":78}},"1":{"start":{"line":2,"column":0},"end":{"line":2,"column":0}},"2":{"start":{"line":3,"column":0},"end":{"line":3,"column":33}},"3":{"start":{"line":4,"column":0},"end":{"line":4,"column":16}},"4":{"start":{"line":5,"column":0},"end":{"line":5,"column":23}},"5":{"start":{"line":6,"column":0},"end":{"line":6,"column":21}},"6":{"start":{"line":7,"column":0},"end":{"line":7,"column":20}},"7":{"start":{"line":8,"column":0},"end":{"line":8,"column":20}},"8":{"start":{"line":9,"column":0},"end":{"line":9,"column":88}},"9":{"start":{"line":10,"column":0},"end":{"line":10,"column":18}},"10":{"start":{"line":11,"column":0},"end":{"line":11,"column":0}},"11":{"start":{"line":12,"column":0},"end":{"line":12,"column":14}},"12":{"start":{"line":13,"column":0},"end":{"line":13,"column":49}},"13":{"start":{"line":14,"column":0},"end":{"line":14,"column":3}},"14":{"start":{"line":15,"column":0},"end":{"line":15,"column":0}},"15":{"start":{"line":16,"column":0},"end":{"line":16,"column":20}},"16":{"start":{"line":17,"column":0},"end":{"line":17,"column":61}},"17":{"start":{"line":18,"column":0},"end":{"line":18,"column":3}},"18":{"start":{"line":19,"column":0},"end":{"line":19,"column":0}},"19":{"start":{"line":20,"column":0},"end":{"line":20,"column":28}},"20":{"start":{"line":21,"column":0},"end":{"line":21,"column":27}},"21":{"start":{"line":22,"column":0},"end":{"line":22,"column":36}},"22":{"start":{"line":23,"column":0},"end":{"line":23,"column":38}},"23":{"start":{"line":24,"column":0},"end":{"line":24,"column":17}},"24":{"start":{"line":25,"column":0},"end":{"line":25,"column":58}},"25":{"start":{"line":26,"column":0},"end":{"line":26,"column":3}},"26":{"start":{"line":27,"column":0},"end":{"line":27,"column":0}},"27":{"start":{"line":28,"column":0},"end":{"line":28,"column":14}},"28":{"start":{"line":29,"column":0},"end":{"line":29,"column":2}},"29":{"start":{"line":30,"column":0},"end":{"line":30,"column":0}},"30":{"start":{"line":31,"column":0},"end":{"line":31,"column":108}},"31":{"start":{"line":32,"column":0},"end":{"line":32,"column":18}},"32":{"start":{"line":33,"column":0},"end":{"line":33,"column":0}},"33":{"start":{"line":34,"column":0},"end":{"line":34,"column":71}},"34":{"start":{"line":35,"column":0},"end":{"line":35,"column":89}},"35":{"start":{"line":36,"column":0},"end":{"line":36,"column":68}},"36":{"start":{"line":37,"column":0},"end":{"line":37,"column":71}},"37":{"start":{"line":38,"column":0},"end":{"line":38,"column":65}},"38":{"start":{"line":39,"column":0},"end":{"line":39,"column":81}},"39":{"start":{"line":40,"column":0},"end":{"line":40,"column":74}},"40":{"start":{"line":41,"column":0},"end":{"line":41,"column":0}},"41":{"start":{"line":42,"column":0},"end":{"line":42,"column":14}},"42":{"start":{"line":43,"column":0},"end":{"line":43,"column":2}},"43":{"start":{"line":44,"column":0},"end":{"line":44,"column":0}},"44":{"start":{"line":45,"column":0},"end":{"line":45,"column":109}},"45":{"start":{"line":46,"column":0},"end":{"line":46,"column":18}},"46":{"start":{"line":47,"column":0},"end":{"line":47,"column":0}},"47":{"start":{"line":48,"column":0},"end":{"line":48,"column":79}},"48":{"start":{"line":49,"column":0},"end":{"line":49,"column":79}},"49":{"start":{"line":50,"column":0},"end":{"line":50,"column":88}},"50":{"start":{"line":51,"column":0},"end":{"line":51,"column":82}},"51":{"start":{"line":52,"column":0},"end":{"line":52,"column":100}},"52":{"start":{"line":53,"column":0},"end":{"line":53,"column":82}},"53":{"start":{"line":54,"column":0},"end":{"line":54,"column":0}},"54":{"start":{"line":55,"column":0},"end":{"line":55,"column":14}},"55":{"start":{"line":56,"column":0},"end":{"line":56,"column":2}},"56":{"start":{"line":57,"column":0},"end":{"line":57,"column":0}},"57":{"start":{"line":58,"column":0},"end":{"line":58,"column":71}},"58":{"start":{"line":59,"column":0},"end":{"line":59,"column":24}},"59":{"start":{"line":60,"column":0},"end":{"line":60,"column":0}},"60":{"start":{"line":61,"column":0},"end":{"line":61,"column":86}},"61":{"start":{"line":62,"column":0},"end":{"line":62,"column":90}},"62":{"start":{"line":63,"column":0},"end":{"line":63,"column":53}},"63":{"start":{"line":64,"column":0},"end":{"line":64,"column":53}},"64":{"start":{"line":65,"column":0},"end":{"line":65,"column":91}},"65":{"start":{"line":66,"column":0},"end":{"line":66,"column":93}},"66":{"start":{"line":67,"column":0},"end":{"line":67,"column":107}},"67":{"start":{"line":68,"column":0},"end":{"line":68,"column":0}},"68":{"start":{"line":69,"column":0},"end":{"line":69,"column":31}},"69":{"start":{"line":70,"column":0},"end":{"line":70,"column":2}}},"s":{"0":1,"1":1,"2":1,"3":2,"4":2,"5":2,"6":2,"7":2,"8":2,"9":2,"10":2,"11":2,"12":2,"13":2,"14":2,"15":2,"16":1,"17":1,"18":2,"19":2,"20":1,"21":1,"22":1,"23":1,"24":1,"25":1,"26":2,"27":2,"28":2,"29":1,"30":1,"31":1,"32":1,"33":1,"34":1,"35":1,"36":1,"37":1,"38":1,"39":1,"40":1,"41":1,"42":1,"43":1,"44":1,"45":1,"46":1,"47":1,"48":1,"49":1,"50":1,"51":1,"52":1,"53":1,"54":1,"55":1,"56":1,"57":1,"58":1,"59":1,"60":1,"61":1,"62":1,"63":1,"64":1,"65":1,"66":1,"67":1,"68":1,"69":1},"branchMap":{"0":{"type":"branch","line":3,"loc":{"start":{"line":3,"column":32},"end":{"line":29,"column":2}},"locations":[{"start":{"line":3,"column":32},"end":{"line":29,"column":2}}]},"1":{"type":"branch","line":16,"loc":{"start":{"line":16,"column":19},"end":{"line":18,"column":3}},"locations":[{"start":{"line":16,"column":19},"end":{"line":18,"column":3}}]},"2":{"type":"branch","line":20,"loc":{"start":{"line":20,"column":6},"end":{"line":20,"column":27}},"locations":[{"start":{"line":20,"column":6},"end":{"line":20,"column":27}}]},"3":{"type":"branch","line":20,"loc":{"start":{"line":20,"column":27},"end":{"line":26,"column":3}},"locations":[{"start":{"line":20,"column":27},"end":{"line":26,"column":3}}]},"4":{"type":"branch","line":22,"loc":{"start":{"line":22,"column":16},"end":{"line":22,"column":36}},"locations":[{"start":{"line":22,"column":16},"end":{"line":22,"column":36}}]},"5":{"type":"branch","line":23,"loc":{"start":{"line":23,"column":17},"end":{"line":23,"column":38}},"locations":[{"start":{"line":23,"column":17},"end":{"line":23,"column":38}}]},"6":{"type":"branch","line":31,"loc":{"start":{"line":31,"column":37},"end":{"line":43,"column":2}},"locations":[{"start":{"line":31,"column":37},"end":{"line":43,"column":2}}]},"7":{"type":"branch","line":38,"loc":{"start":{"line":38,"column":14},"end":{"line":38,"column":65}},"locations":[{"start":{"line":38,"column":14},"end":{"line":38,"column":65}}]},"8":{"type":"branch","line":39,"loc":{"start":{"line":39,"column":19},"end":{"line":39,"column":81}},"locations":[{"start":{"line":39,"column":19},"end":{"line":39,"column":81}}]},"9":{"type":"branch","line":40,"loc":{"start":{"line":40,"column":17},"end":{"line":40,"column":74}},"locations":[{"start":{"line":40,"column":17},"end":{"line":40,"column":74}}]},"10":{"type":"branch","line":45,"loc":{"start":{"line":45,"column":35},"end":{"line":56,"column":2}},"locations":[{"start":{"line":45,"column":35},"end":{"line":56,"column":2}}]},"11":{"type":"branch","line":50,"loc":{"start":{"line":50,"column":23},"end":{"line":50,"column":88}},"locations":[{"start":{"line":50,"column":23},"end":{"line":50,"column":88}}]},"12":{"type":"branch","line":52,"loc":{"start":{"line":52,"column":27},"end":{"line":52,"column":100}},"locations":[{"start":{"line":52,"column":27},"end":{"line":52,"column":100}}]},"13":{"type":"branch","line":53,"loc":{"start":{"line":53,"column":21},"end":{"line":53,"column":82}},"locations":[{"start":{"line":53,"column":21},"end":{"line":53,"column":82}}]},"14":{"type":"branch","line":58,"loc":{"start":{"line":58,"column":37},"end":{"line":70,"column":2}},"locations":[{"start":{"line":58,"column":37},"end":{"line":70,"column":2}}]},"15":{"type":"branch","line":61,"loc":{"start":{"line":61,"column":65},"end":{"line":61,"column":84}},"locations":[{"start":{"line":61,"column":65},"end":{"line":61,"column":84}}]},"16":{"type":"branch","line":62,"loc":{"start":{"line":62,"column":58},"end":{"line":62,"column":78}},"locations":[{"start":{"line":62,"column":58},"end":{"line":62,"column":78}}]},"17":{"type":"branch","line":64,"loc":{"start":{"line":64,"column":24},"end":{"line":64,"column":53}},"locations":[{"start":{"line":64,"column":24},"end":{"line":64,"column":53}}]},"18":{"type":"branch","line":66,"loc":{"start":{"line":66,"column":30},"end":{"line":66,"column":93}},"locations":[{"start":{"line":66,"column":30},"end":{"line":66,"column":93}}]},"19":{"type":"branch","line":67,"loc":{"start":{"line":67,"column":44},"end":{"line":67,"column":107}},"locations":[{"start":{"line":67,"column":44},"end":{"line":67,"column":107}}]}},"b":{"0":[2],"1":[1],"2":[1],"3":[1],"4":[0],"5":[0],"6":[1],"7":[0],"8":[0],"9":[0],"10":[1],"11":[0],"12":[0],"13":[0],"14":[1],"15":[0],"16":[0],"17":[0],"18":[0],"19":[0]},"fnMap":{"0":{"name":"generateMetaTags","decl":{"start":{"line":3,"column":32},"end":{"line":29,"column":2}},"loc":{"start":{"line":3,"column":32},"end":{"line":29,"column":2}},"line":3},"1":{"name":"generateOpenGraphTags","decl":{"start":{"line":31,"column":37},"end":{"line":43,"column":2}},"loc":{"start":{"line":31,"column":37},"end":{"line":43,"column":2}},"line":31},"2":{"name":"generateTwitterTags","decl":{"start":{"line":45,"column":35},"end":{"line":56,"column":2}},"loc":{"start":{"line":45,"column":35},"end":{"line":56,"column":2}},"line":45},"3":{"name":"generateRobotsContent","decl":{"start":{"line":58,"column":37},"end":{"line":70,"column":2}},"loc":{"start":{"line":58,"column":37},"end":{"line":70,"column":2}},"line":58}},"f":{"0":2,"1":1,"2":1,"3":1}}
}
